2026-07-04 17:46:19.388 [http-nio-8080-exec-1] INFO  c.arattai.web.auth.GoogleAuthServlet - [OAuth2] STEP 1 — Google login initiated from 0:0:0:0:0:0:0:1
2026-07-04 17:46:19.397 [http-nio-8080-exec-1] DEBUG c.arattai.web.auth.GoogleAuthServlet - [OAuth2] STEP 2 — CSRF state generated and stored in Redis (state=f682dadc-fe0c-4d81-8649-2cf096b044dc, ttl=600s)
2026-07-04 17:46:19.398 [http-nio-8080-exec-1] INFO  c.arattai.web.auth.GoogleAuthServlet - [OAuth2] STEP 3 — Redirecting browser to Google authorization page
2026-07-04 17:46:19.398 [http-nio-8080-exec-1] DEBUG c.arattai.web.auth.GoogleAuthServlet - [OAuth2] STEP 3 — Google auth URL: https://accounts.google.com/o/oauth2/v2/auth?client_id=112177713477-lrtif4itilq14o6hev51joulltvj2iri.apps.googleusercontent.com&redirect_uri=http%3A%2F%2Flocalhost%3A8080%2Fapi%2Fauth%2Fgoogle%2Fcallback&response_type=code&scope=openid+email+profile&access_type=offline&state=f682dadc-fe0c-4d81-8649-2cf096b044dc
2026-07-04 17:46:19.867 [http-nio-8080-exec-2] INFO  c.a.web.auth.GoogleCallbackServlet - [OAuth2] STEP 4 — Callback received from Google
2026-07-04 17:46:19.871 [http-nio-8080-exec-2] INFO  c.a.web.auth.GoogleCallbackServlet - [OAuth2] STEP 5 — CSRF state validated OK
2026-07-04 17:46:19.872 [http-nio-8080-exec-2] INFO  c.a.web.auth.GoogleCallbackServlet - [OAuth2] STEP 6 — Exchanging code and fetching user profile
2026-07-04 17:46:19.878 [http-nio-8080-exec-2] DEBUG com.arattai.auth.GoogleOAuthService - [OAuth2] Exchanging authorization code for access token at https://oauth2.googleapis.com/token
2026-07-04 17:46:20.517 [http-nio-8080-exec-2] INFO  com.arattai.auth.GoogleOAuthService - [OAuth2] Token exchange SUCCESS — received access token from Google
2026-07-04 17:46:20.517 [http-nio-8080-exec-2] DEBUG com.arattai.auth.GoogleOAuthService - [OAuth2] Fetching user profile from https://www.googleapis.com/oauth2/v2/userinfo
2026-07-04 17:46:20.763 [http-nio-8080-exec-2] INFO  com.arattai.auth.GoogleOAuthService - [OAuth2] Userinfo SUCCESS — email=rishirishaban2003@gmail.com name=Rishaban
2026-07-04 17:46:20.807 [http-nio-8080-exec-2] INFO  c.a.web.auth.GoogleCallbackServlet - [OAuth2] STEP 7 — Existing Google user logged in (userId=3)
2026-07-04 17:46:20.884 [http-nio-8080-exec-2] INFO  c.a.web.auth.GoogleCallbackServlet - [OAuth2] STEP 8 — JWT + refresh cookies issued (userId=3)
2026-07-04 17:46:20.884 [http-nio-8080-exec-2] INFO  c.a.web.auth.GoogleCallbackServlet - [OAuth2] SUCCESS — login complete, redirecting to frontend (userId=3)
2026-07-04 17:47:20.577 [http-nio-8080-exec-5] INFO  c.arattai.web.auth.GoogleAuthServlet - [OAuth2] STEP 1 — Google login initiated from 0:0:0:0:0:0:0:1
2026-07-04 17:47:20.582 [http-nio-8080-exec-5] DEBUG c.arattai.web.auth.GoogleAuthServlet - [OAuth2] STEP 2 — CSRF state generated and stored in Redis (state=ef8339f6-e60e-4550-83d0-0999a4cccc1c, ttl=600s)
2026-07-04 17:47:20.583 [http-nio-8080-exec-5] INFO  c.arattai.web.auth.GoogleAuthServlet - [OAuth2] STEP 3 — Redirecting browser to Google authorization page
2026-07-04 17:47:20.583 [http-nio-8080-exec-5] DEBUG c.arattai.web.auth.GoogleAuthServlet - [OAuth2] STEP 3 — Google auth URL: https://accounts.google.com/o/oauth2/v2/auth?client_id=112177713477-lrtif4itilq14o6hev51joulltvj2iri.apps.googleusercontent.com&redirect_uri=http%3A%2F%2Flocalhost%3A8080%2Fapi%2Fauth%2Fgoogle%2Fcallback&response_type=code&scope=openid+email+profile&access_type=offline&state=ef8339f6-e60e-4550-83d0-0999a4cccc1c
2026-07-04 17:47:20.887 [http-nio-8080-exec-6] INFO  c.a.web.auth.GoogleCallbackServlet - [OAuth2] STEP 4 — Callback received from Google
2026-07-04 17:47:20.892 [http-nio-8080-exec-6] INFO  c.a.web.auth.GoogleCallbackServlet - [OAuth2] STEP 5 — CSRF state validated OK
2026-07-04 17:47:20.892 [http-nio-8080-exec-6] INFO  c.a.web.auth.GoogleCallbackServlet - [OAuth2] STEP 6 — Exchanging code and fetching user profile
2026-07-04 17:47:20.893 [http-nio-8080-exec-6] DEBUG com.arattai.auth.GoogleOAuthService - [OAuth2] Exchanging authorization code for access token at https://oauth2.googleapis.com/token
2026-07-04 17:47:21.217 [http-nio-8080-exec-6] INFO  com.arattai.auth.GoogleOAuthService - [OAuth2] Token exchange SUCCESS — received access token from Google
2026-07-04 17:47:21.218 [http-nio-8080-exec-6] DEBUG com.arattai.auth.GoogleOAuthService - [OAuth2] Fetching user profile from https://www.googleapis.com/oauth2/v2/userinfo
2026-07-04 17:47:21.457 [http-nio-8080-exec-6] INFO  com.arattai.auth.GoogleOAuthService - [OAuth2] Userinfo SUCCESS — email=rishirishaban2003@gmail.com name=Rishaban
2026-07-04 17:47:21.463 [http-nio-8080-exec-6] INFO  c.a.web.auth.GoogleCallbackServlet - [OAuth2] STEP 7 — Existing Google user logged in (userId=3)
2026-07-04 17:47:21.500 [http-nio-8080-exec-6] INFO  c.a.web.auth.GoogleCallbackServlet - [OAuth2] STEP 8 — JWT + refresh cookies issued (userId=3)
2026-07-04 17:47:21.500 [http-nio-8080-exec-6] INFO  c.a.web.auth.GoogleCallbackServlet - [OAuth2] SUCCESS — login complete, redirecting to frontend (userId=3)

========================= USERS TABLE (arattai DB) =========================
Column         | Data Type      | Null | Key      | Default           | Extra
---------------+----------------+------+----------+-------------------+----------------
id             | bigint         | NO   | PRIMARY  | -                 | auto_increment
name           | varchar(100)   | NO   | -        | NULL              |
username       | varchar(50)    | NO   | UNIQUE   | NULL              |
email          | varchar(255)   | NO   | UNIQUE   | NULL              |
password_hash  | varchar(255)   | YES  | -        | NULL              |
google_id      | varchar(255)   | YES  | UNIQUE   | NULL              |
avatar_url     | varchar(1000)  | YES  | -        | NULL              |
created_at     | timestamp      | NO   | -        | CURRENT_TIMESTAMP | on insert
============================================================================
