2026-07-05 16:49:03.652 [http-nio-8080-exec-1] INFO  c.arattai.web.auth.GoogleAuthServlet - [OAuth2] STEP 1 — Google login initiated from 127.0.0.1
2026-07-05 16:49:03.670 [http-nio-8080-exec-1] DEBUG c.arattai.web.auth.GoogleAuthServlet - [OAuth2] STEP 2 — CSRF state generated and stored in Redis (state=8c2227f0-15dd-4561-b548-78f3ccb16212, ttl=600s)
2026-07-05 16:49:03.671 [http-nio-8080-exec-1] INFO  c.arattai.web.auth.GoogleAuthServlet - [OAuth2] STEP 3 — Redirecting browser to Google authorization page
2026-07-05 16:49:03.671 [http-nio-8080-exec-1] DEBUG c.arattai.web.auth.GoogleAuthServlet - [OAuth2] STEP 3 — Google auth URL: https://accounts.google.com/o/oauth2/v2/auth?client_id=112177713477-lrtif4itilq14o6hev51joulltvj2iri.apps.googleusercontent.com&redirect_uri=http%3A%2F%2Flocalhost%3A8080%2Fapi%2Fauth%2Fgoogle%2Fcallback&response_type=code&scope=openid+email+profile&access_type=offline&state=8c2227f0-15dd-4561-b548-78f3ccb16212
2026-07-05 16:49:04.119 [http-nio-8080-exec-2] INFO  c.a.web.auth.GoogleCallbackServlet - [OAuth2] STEP 4 — Callback received from Google
2026-07-05 16:49:04.124 [http-nio-8080-exec-2] INFO  c.a.web.auth.GoogleCallbackServlet - [OAuth2] STEP 5 — CSRF state validated OK
2026-07-05 16:49:04.125 [http-nio-8080-exec-2] INFO  c.a.web.auth.GoogleCallbackServlet - [OAuth2] STEP 6 — Exchanging code and fetching user profile
2026-07-05 16:49:04.130 [http-nio-8080-exec-2] DEBUG com.arattai.auth.GoogleOAuthService - [OAuth2] Exchanging authorization code for access token at https://oauth2.googleapis.com/token
2026-07-05 16:49:05.588 [http-nio-8080-exec-2] INFO  com.arattai.auth.GoogleOAuthService - [OAuth2] Token exchange SUCCESS — received access token from Google
2026-07-05 16:49:05.588 [http-nio-8080-exec-2] DEBUG com.arattai.auth.GoogleOAuthService - [OAuth2] Fetching user profile from https://www.googleapis.com/oauth2/v2/userinfo
2026-07-05 16:49:06.557 [http-nio-8080-exec-2] INFO  com.arattai.auth.GoogleOAuthService - [OAuth2] Userinfo SUCCESS — email=rishirishaban2003@gmail.com name=Rishaban
2026-07-05 16:49:06.607 [http-nio-8080-exec-2] INFO  c.a.web.auth.GoogleCallbackServlet - [OAuth2] STEP 7 — Existing Google user logged in (userId=3)
2026-07-05 16:49:06.677 [http-nio-8080-exec-2] INFO  c.a.web.auth.GoogleCallbackServlet - [OAuth2] STEP 8 — JWT + refresh cookies issued (userId=3)
2026-07-05 16:49:06.677 [http-nio-8080-exec-2] INFO  c.a.web.auth.GoogleCallbackServlet - [OAuth2] SUCCESS — login complete, redirecting to frontend (userId=3)
2026-07-05 16:56:06.019 [http-nio-8080-exec-3] INFO  c.arattai.web.auth.GoogleAuthServlet - [OAuth2] STEP 1 — Google login initiated from 127.0.0.1
2026-07-05 16:56:06.024 [http-nio-8080-exec-3] DEBUG c.arattai.web.auth.GoogleAuthServlet - [OAuth2] STEP 2 — CSRF state generated and stored in Redis (state=fa23d860-55c3-4b9c-a021-2d84fd89e39c, ttl=600s)
2026-07-05 16:56:06.026 [http-nio-8080-exec-3] INFO  c.arattai.web.auth.GoogleAuthServlet - [OAuth2] STEP 3 — Redirecting browser to Google authorization page
2026-07-05 16:56:06.027 [http-nio-8080-exec-3] DEBUG c.arattai.web.auth.GoogleAuthServlet - [OAuth2] STEP 3 — Google auth URL: https://accounts.google.com/o/oauth2/v2/auth?client_id=112177713477-lrtif4itilq14o6hev51joulltvj2iri.apps.googleusercontent.com&redirect_uri=http%3A%2F%2Flocalhost%3A8080%2Fapi%2Fauth%2Fgoogle%2Fcallback&response_type=code&scope=openid+email+profile&access_type=offline&state=fa23d860-55c3-4b9c-a021-2d84fd89e39c
2026-07-05 16:56:06.510 [http-nio-8080-exec-5] INFO  c.a.web.auth.GoogleCallbackServlet - [OAuth2] STEP 4 — Callback received from Google
2026-07-05 16:56:06.515 [http-nio-8080-exec-5] INFO  c.a.web.auth.GoogleCallbackServlet - [OAuth2] STEP 5 — CSRF state validated OK
2026-07-05 16:56:06.516 [http-nio-8080-exec-5] INFO  c.a.web.auth.GoogleCallbackServlet - [OAuth2] STEP 6 — Exchanging code and fetching user profile
2026-07-05 16:56:06.517 [http-nio-8080-exec-5] DEBUG com.arattai.auth.GoogleOAuthService - [OAuth2] Exchanging authorization code for access token at https://oauth2.googleapis.com/token
2026-07-05 16:56:06.873 [http-nio-8080-exec-5] INFO  com.arattai.auth.GoogleOAuthService - [OAuth2] Token exchange SUCCESS — received access token from Google
2026-07-05 16:56:06.874 [http-nio-8080-exec-5] DEBUG com.arattai.auth.GoogleOAuthService - [OAuth2] Fetching user profile from https://www.googleapis.com/oauth2/v2/userinfo
2026-07-05 16:56:07.128 [http-nio-8080-exec-5] INFO  com.arattai.auth.GoogleOAuthService - [OAuth2] Userinfo SUCCESS — email=rishirishaban2003@gmail.com name=Rishaban
2026-07-05 16:56:07.133 [http-nio-8080-exec-5] INFO  c.a.web.auth.GoogleCallbackServlet - [OAuth2] STEP 7 — Existing Google user logged in (userId=3)
2026-07-05 16:56:07.171 [http-nio-8080-exec-5] INFO  c.a.web.auth.GoogleCallbackServlet - [OAuth2] STEP 8 — JWT + refresh cookies issued (userId=3)
2026-07-05 16:56:07.173 [http-nio-8080-exec-5] INFO  c.a.web.auth.GoogleCallbackServlet - [OAuth2] SUCCESS — login complete, redirecting to frontend (userId=3)
2026-07-05 17:19:24.696 [http-nio-8080-exec-7] INFO  c.arattai.web.auth.GoogleAuthServlet - [OAuth2] STEP 1 — Google login initiated from 127.0.0.1
2026-07-05 17:19:24.701 [http-nio-8080-exec-7] DEBUG c.arattai.web.auth.GoogleAuthServlet - [OAuth2] STEP 2 — CSRF state generated and stored in Redis (state=9a28480b-b012-42aa-8da5-5b55986cb07e, ttl=600s)
2026-07-05 17:19:24.702 [http-nio-8080-exec-7] INFO  c.arattai.web.auth.GoogleAuthServlet - [OAuth2] STEP 3 — Redirecting browser to Google authorization page
2026-07-05 17:19:24.703 [http-nio-8080-exec-7] DEBUG c.arattai.web.auth.GoogleAuthServlet - [OAuth2] STEP 3 — Google auth URL: https://accounts.google.com/o/oauth2/v2/auth?client_id=112177713477-lrtif4itilq14o6hev51joulltvj2iri.apps.googleusercontent.com&redirect_uri=http%3A%2F%2Flocalhost%3A8080%2Fapi%2Fauth%2Fgoogle%2Fcallback&response_type=code&scope=openid+email+profile&access_type=offline&state=9a28480b-b012-42aa-8da5-5b55986cb07e
2026-07-05 17:19:25.069 [http-nio-8080-exec-8] INFO  c.a.web.auth.GoogleCallbackServlet - [OAuth2] STEP 4 — Callback received from Google
2026-07-05 17:19:25.073 [http-nio-8080-exec-8] INFO  c.a.web.auth.GoogleCallbackServlet - [OAuth2] STEP 5 — CSRF state validated OK
2026-07-05 17:19:25.073 [http-nio-8080-exec-8] INFO  c.a.web.auth.GoogleCallbackServlet - [OAuth2] STEP 6 — Exchanging code and fetching user profile
2026-07-05 17:19:25.078 [http-nio-8080-exec-8] DEBUG com.arattai.auth.GoogleOAuthService - [OAuth2] Exchanging authorization code for access token at https://oauth2.googleapis.com/token
2026-07-05 17:19:25.678 [http-nio-8080-exec-8] INFO  com.arattai.auth.GoogleOAuthService - [OAuth2] Token exchange SUCCESS — received access token from Google
2026-07-05 17:19:25.679 [http-nio-8080-exec-8] DEBUG com.arattai.auth.GoogleOAuthService - [OAuth2] Fetching user profile from https://www.googleapis.com/oauth2/v2/userinfo
2026-07-05 17:19:25.950 [http-nio-8080-exec-8] INFO  com.arattai.auth.GoogleOAuthService - [OAuth2] Userinfo SUCCESS — email=rishirishaban2003@gmail.com name=Rishaban
2026-07-05 17:19:25.953 [http-nio-8080-exec-8] INFO  c.a.web.auth.GoogleCallbackServlet - [OAuth2] STEP 7 — Existing Google user logged in (userId=3)
2026-07-05 17:19:25.964 [http-nio-8080-exec-8] INFO  c.a.web.auth.GoogleCallbackServlet - [OAuth2] STEP 8 — JWT + refresh cookies issued (userId=3)
2026-07-05 17:19:25.964 [http-nio-8080-exec-8] INFO  c.a.web.auth.GoogleCallbackServlet - [OAuth2] SUCCESS — login complete, redirecting to frontend (userId=3)
2026-07-05 17:29:58.441 [http-nio-8080-exec-1] INFO  c.arattai.web.auth.GoogleAuthServlet - [OAuth2] STEP 1 — Google login initiated from 127.0.0.1
2026-07-05 17:29:58.445 [http-nio-8080-exec-1] DEBUG c.arattai.web.auth.GoogleAuthServlet - [OAuth2] STEP 2 — CSRF state generated and stored in Redis (state=f3998791-a4c4-4c25-98cc-72ba8cdc1c6d, ttl=600s)
2026-07-05 17:29:58.446 [http-nio-8080-exec-1] INFO  c.arattai.web.auth.GoogleAuthServlet - [OAuth2] STEP 3 — Redirecting browser to Google authorization page
2026-07-05 17:29:58.447 [http-nio-8080-exec-1] DEBUG c.arattai.web.auth.GoogleAuthServlet - [OAuth2] STEP 3 — Google auth URL: https://accounts.google.com/o/oauth2/v2/auth?client_id=112177713477-lrtif4itilq14o6hev51joulltvj2iri.apps.googleusercontent.com&redirect_uri=http%3A%2F%2Flocalhost%3A8080%2Fapi%2Fauth%2Fgoogle%2Fcallback&response_type=code&scope=openid+email+profile&access_type=offline&state=f3998791-a4c4-4c25-98cc-72ba8cdc1c6d
2026-07-05 17:29:58.939 [http-nio-8080-exec-3] INFO  c.a.web.auth.GoogleCallbackServlet - [OAuth2] STEP 4 — Callback received from Google
2026-07-05 17:29:58.942 [http-nio-8080-exec-3] INFO  c.a.web.auth.GoogleCallbackServlet - [OAuth2] STEP 5 — CSRF state validated OK
2026-07-05 17:29:58.942 [http-nio-8080-exec-3] INFO  c.a.web.auth.GoogleCallbackServlet - [OAuth2] STEP 6 — Exchanging code and fetching user profile
2026-07-05 17:29:58.948 [http-nio-8080-exec-3] DEBUG com.arattai.auth.GoogleOAuthService - [OAuth2] Exchanging authorization code for access token at https://oauth2.googleapis.com/token
2026-07-05 17:29:59.595 [http-nio-8080-exec-3] INFO  com.arattai.auth.GoogleOAuthService - [OAuth2] Token exchange SUCCESS — received access token from Google
2026-07-05 17:29:59.596 [http-nio-8080-exec-3] DEBUG com.arattai.auth.GoogleOAuthService - [OAuth2] Fetching user profile from https://www.googleapis.com/oauth2/v2/userinfo
2026-07-05 17:29:59.913 [http-nio-8080-exec-3] INFO  com.arattai.auth.GoogleOAuthService - [OAuth2] Userinfo SUCCESS — email=rishirishaban2003@gmail.com name=Rishaban
2026-07-05 17:29:59.916 [http-nio-8080-exec-3] INFO  c.a.web.auth.GoogleCallbackServlet - [OAuth2] STEP 7 — Existing Google user logged in (userId=3)
2026-07-05 17:29:59.929 [http-nio-8080-exec-3] INFO  c.a.web.auth.GoogleCallbackServlet - [OAuth2] STEP 8 — JWT + refresh cookies issued (userId=3)
2026-07-05 17:29:59.930 [http-nio-8080-exec-3] INFO  c.a.web.auth.GoogleCallbackServlet - [OAuth2] SUCCESS — login complete, redirecting to frontend (userId=3)
2026-07-05 17:34:16.833 [http-nio-8080-exec-8] INFO  c.arattai.web.auth.GoogleAuthServlet - [OAuth2] STEP 1 — Google login initiated from 127.0.0.1
2026-07-05 17:34:16.836 [http-nio-8080-exec-8] DEBUG c.arattai.web.auth.GoogleAuthServlet - [OAuth2] STEP 2 — CSRF state generated and stored in Redis (state=0141855b-e6a4-4963-b124-2454435d6a1d, ttl=600s)
2026-07-05 17:34:16.837 [http-nio-8080-exec-8] INFO  c.arattai.web.auth.GoogleAuthServlet - [OAuth2] STEP 3 — Redirecting browser to Google authorization page
2026-07-05 17:34:16.837 [http-nio-8080-exec-8] DEBUG c.arattai.web.auth.GoogleAuthServlet - [OAuth2] STEP 3 — Google auth URL: https://accounts.google.com/o/oauth2/v2/auth?client_id=112177713477-lrtif4itilq14o6hev51joulltvj2iri.apps.googleusercontent.com&redirect_uri=http%3A%2F%2Flocalhost%3A8080%2Fapi%2Fauth%2Fgoogle%2Fcallback&response_type=code&scope=openid+email+profile&access_type=offline&state=0141855b-e6a4-4963-b124-2454435d6a1d
2026-07-05 17:34:17.161 [http-nio-8080-exec-4] INFO  c.a.web.auth.GoogleCallbackServlet - [OAuth2] STEP 4 — Callback received from Google
2026-07-05 17:34:17.166 [http-nio-8080-exec-4] INFO  c.a.web.auth.GoogleCallbackServlet - [OAuth2] STEP 5 — CSRF state validated OK
2026-07-05 17:34:17.167 [http-nio-8080-exec-4] INFO  c.a.web.auth.GoogleCallbackServlet - [OAuth2] STEP 6 — Exchanging code and fetching user profile
2026-07-05 17:34:17.168 [http-nio-8080-exec-4] DEBUG com.arattai.auth.GoogleOAuthService - [OAuth2] Exchanging authorization code for access token at https://oauth2.googleapis.com/token
2026-07-05 17:34:17.547 [http-nio-8080-exec-4] INFO  com.arattai.auth.GoogleOAuthService - [OAuth2] Token exchange SUCCESS — received access token from Google
2026-07-05 17:34:17.548 [http-nio-8080-exec-4] DEBUG com.arattai.auth.GoogleOAuthService - [OAuth2] Fetching user profile from https://www.googleapis.com/oauth2/v2/userinfo
2026-07-05 17:34:17.778 [http-nio-8080-exec-4] INFO  com.arattai.auth.GoogleOAuthService - [OAuth2] Userinfo SUCCESS — email=rishirishaban2003@gmail.com name=Rishaban
2026-07-05 17:34:17.780 [http-nio-8080-exec-4] INFO  c.a.web.auth.GoogleCallbackServlet - [OAuth2] STEP 7 — Existing Google user logged in (userId=3)
2026-07-05 17:34:17.787 [http-nio-8080-exec-4] INFO  c.a.web.auth.GoogleCallbackServlet - [OAuth2] STEP 8 — JWT + refresh cookies issued (userId=3)
2026-07-05 17:34:17.787 [http-nio-8080-exec-4] INFO  c.a.web.auth.GoogleCallbackServlet - [OAuth2] SUCCESS — login complete, redirecting to frontend (userId=3)
